<?xml version="1.0" encoding="UTF-8"?>
<testng-results ignored="0" total="1" passed="1" failed="0" skipped="0">
  <reporter-output>
  </reporter-output>
  <suite started-at="2023-04-18T23:53:31 CDT" name="Default suite" finished-at="2023-04-18T23:53:41 CDT" duration-ms="10478">
    <groups>
    </groups>
    <test started-at="2023-04-18T23:53:31 CDT" name="Default test" finished-at="2023-04-18T23:53:41 CDT" duration-ms="10478">
      <class name="POM.TestablePageObject">
        <test-method signature="f()[pri:0, instance:POM.TestablePageObject@3315d2d7]" started-at="2023-04-18T23:53:31 CDT" name="f" finished-at="2023-04-18T23:53:41 CDT" duration-ms="10394" status="PASS">
          <reporter-output>
          </reporter-output>
        </test-method> <!-- f -->
      </class> <!-- POM.TestablePageObject -->
    </test> <!-- Default test -->
  </suite> <!-- Default suite -->
</testng-results>
